Build started 3/18/2018 1:50:53 AM.
     1>Project "C:\D\CPP\Stack Template Functions\Stack Template Functions\Stack Template Functions.vcxproj" on node 2 (Build target(s)).
     1>InitializeBuildStatus:
         Touching "Debug\Stack Te.A6A85D14.tlog\unsuccessfulbuild".
       ClCompile:
         All outputs are up-to-date.
         C:\Program Files (x86)\Microsoft Visual Studio\2017\Community\VC\Tools\MSVC\14.12.25827\bin\HostX86\x86\CL.exe /c /ZI /nologo /W3 /WX- /diagnostics:classic /sdl /Od /Oy- /D WIN32 /D _DEBUG /D _CONSOLE /D _UNICODE /D UNICODE /Gm /EHsc /RTC1 /MDd /GS /fp:precise /permissive- /Zc:wchar_t /Zc:forScope /Zc:inline /Yu"stdafx.h" /Fp"Debug\Stack Template Functions.pch" /Fo"Debug\\" /Fd"Debug\vc141.pdb" /Gd /TP /analyze- /errorReport:prompt "Stack Template Functions.cpp"
         Stack Template Functions.cpp
     1>c:\d\cpp\stack template functions\stack template functions\stack template functions.cpp(59): warning C4018: '<': signed/unsigned mismatch
     1>c:\d\cpp\stack template functions\stack template functions\stack template functions.cpp(82): error C2440: 'initializing': cannot convert from 'void' to 'int'
         c:\d\cpp\stack template functions\stack template functions\stack template functions.cpp(82): note: Expressions of type void cannot be converted to other types
     1>c:\d\cpp\stack template functions\stack template functions\stack template functions.cpp(83): error C2440: 'initializing': cannot convert from 'void' to 'int'
         c:\d\cpp\stack template functions\stack template functions\stack template functions.cpp(83): note: Expressions of type void cannot be converted to other types
     1>Done Building Project "C:\D\CPP\Stack Template Functions\Stack Template Functions\Stack Template Functions.vcxproj" (Build target(s)) -- FAILED.

Project Performance Summary:
      407 ms  C:\D\CPP\Stack Template Functions\Stack Template Functions\Stack Template Functions.vcxproj   1 calls
                407 ms  Build                                      1 calls

Target Performance Summary:
        0 ms  ResolveReferences                          1 calls
        0 ms  SelectClCompile                            1 calls
        0 ms  BuildGenerateSourcesTraverse               1 calls
        0 ms  BeforeBuildGenerateSources                 1 calls
        0 ms  _Xsd                                       1 calls
        0 ms  MakeDirsForMidl                            1 calls
        0 ms  ComputeMIDLGeneratedCompileInputs          1 calls
        0 ms  AfterMidl                                  1 calls
        0 ms  _Midl                                      1 calls
        0 ms  AfterBuildGenerateSources                  1 calls
        0 ms  AfterBuildGenerateSourcesEvent             1 calls
        0 ms  _BuildGenerateSourcesAction                1 calls
        0 ms  BuildGenerateSources                       1 calls
        0 ms  BeforeClCompile                            1 calls
        0 ms  ComputeCLInputPDBName                      1 calls
        0 ms  ComputeReferenceCLInput                    1 calls
        0 ms  WarnCompileDuplicatedFilename              1 calls
        0 ms  MakeDirsForCl                              1 calls
        0 ms  _SelectedFiles                             1 calls
        0 ms  AfterResolveReferences                     1 calls
        0 ms  SelectCustomBuild                          1 calls
        0 ms  _HandlePackageFileConflicts                1 calls
        0 ms  _PrepareForBuild                           1 calls
        0 ms  _PrepareForReferenceResolution             1 calls
        0 ms  BeforeResolveReferences                    1 calls
        0 ms  AssignProjectConfiguration                 1 calls
        0 ms  _SplitProjectReferencesByFileExistence     1 calls
        0 ms  _GetProjectReferenceTargetFrameworkProperties   1 calls
        0 ms  PrepareProjectReferences                   1 calls
        0 ms  ResolveAssemblyReferences                  1 calls
        0 ms  GetReferenceAssemblyPaths                  1 calls
        0 ms  GetFrameworkPaths                          1 calls
        0 ms  GetResolvedWinMD                           1 calls
        0 ms  PlatformPrepareForBuild                    1 calls
        0 ms  Desktop_PlatformPrepareForBuild            1 calls
        0 ms  ResolveSDKReferences                       1 calls
        0 ms  ExpandSDKReferences                        1 calls
        1 ms  BuildCompileTraverse                       1 calls
        1 ms  FixupCLCompileOptions                      1 calls
        1 ms  SetBuildDefaultEnvironmentVariables        1 calls
        1 ms  ResolveProjectReferences                   1 calls
        1 ms  PreBuildEvent                              1 calls
        3 ms  _CheckForInvalidConfigurationAndPlatform   1 calls
        3 ms  PrepareForBuild                            1 calls
        4 ms  SetCABuildNativeEnvironmentVariables       1 calls
        5 ms  InitializeBuildStatus                      1 calls
      384 ms  ClCompile                                  1 calls

Build FAILED.

       "C:\D\CPP\Stack Template Functions\Stack Template Functions\Stack Template Functions.vcxproj" (Build target) (1) ->
       (ClCompile target) -> 
         c:\d\cpp\stack template functions\stack template functions\stack template functions.cpp(59): warning C4018: '<': signed/unsigned mismatch


       "C:\D\CPP\Stack Template Functions\Stack Template Functions\Stack Template Functions.vcxproj" (Build target) (1) ->
       (ClCompile target) -> 
         c:\d\cpp\stack template functions\stack template functions\stack template functions.cpp(82): error C2440: 'initializing': cannot convert from 'void' to 'int'
         c:\d\cpp\stack template functions\stack template functions\stack template functions.cpp(83): error C2440: 'initializing': cannot convert from 'void' to 'int'

    1 Warning(s)
    2 Error(s)

Time Elapsed 00:00:00.40
